[0.003s][warning][gc] -Xloggc is deprecated. Will use -Xlog:gc:artifacts/gc.log instead.
[0.003s][warning][gc] -XX:+PrintGCDetails is deprecated. Will use -Xlog:gc* instead.
WARNING: An illegal reflective access operation has occurred
WARNING: Illegal reflective access by com.esotericsoftware.kryo.util.UnsafeUtil (file:/C:/apache-storm-2.5.0/lib-worker/kryo-4.0.2.jar) to constructor java.nio.DirectByteBuffer(long,int,java.lang.Object)
WARNING: Please consider reporting this to the maintainers of com.esotericsoftware.kryo.util.UnsafeUtil
WARNING: Use --illegal-access=warn to enable warnings of further illegal reflective access operations
WARNING: All illegal access operations will be denied in a future release
2023-09-26 13:30:23,472 Thread-17-image-bolt-executor[4, 4] ERROR Unable to write to stream UDP:localhost:514 for appender syslog org.apache.logging.log4j.core.appender.AppenderLoggingException: Error flushing stream UDP:localhost:514
	at org.apache.logging.log4j.core.appender.OutputStreamManager.flushDestination(OutputStreamManager.java:266)
	at org.apache.logging.log4j.core.appender.OutputStreamManager.write(OutputStreamManager.java:222)
	at org.apache.logging.log4j.core.appender.OutputStreamManager.write(OutputStreamManager.java:190)
	at org.apache.logging.log4j.core.appender.AbstractOutputStreamAppender.writeByteArrayToManager(AbstractOutputStreamAppender.java:206)
	at org.apache.logging.log4j.core.appender.SocketAppender.directEncodeEvent(SocketAppender.java:459)
	at org.apache.logging.log4j.core.appender.AbstractOutputStreamAppender.tryAppend(AbstractOutputStreamAppender.java:190)
	at org.apache.logging.log4j.core.appender.AbstractOutputStreamAppender.append(AbstractOutputStreamAppender.java:181)
	at org.apache.logging.log4j.core.config.AppenderControl.tryCallAppender(AppenderControl.java:161)
	at org.apache.logging.log4j.core.config.AppenderControl.callAppender0(AppenderControl.java:134)
	at org.apache.logging.log4j.core.config.AppenderControl.callAppenderPreventRecursion(AppenderControl.java:125)
	at org.apache.logging.log4j.core.config.AppenderControl.callAppender(AppenderControl.java:89)
	at org.apache.logging.log4j.core.config.LoggerConfig.callAppenders(LoggerConfig.java:542)
	at org.apache.logging.log4j.core.config.LoggerConfig.processLogEvent(LoggerConfig.java:500)
	at org.apache.logging.log4j.core.config.LoggerConfig.log(LoggerConfig.java:483)
	at org.apache.logging.log4j.core.config.LoggerConfig.log(LoggerConfig.java:417)
	at org.apache.logging.log4j.core.config.AwaitCompletionReliabilityStrategy.log(AwaitCompletionReliabilityStrategy.java:82)
	at org.apache.logging.log4j.core.Logger.log(Logger.java:161)
	at org.apache.logging.log4j.spi.AbstractLogger.tryLogMessage(AbstractLogger.java:2205)
	at org.apache.logging.log4j.spi.AbstractLogger.logMessageTrackRecursion(AbstractLogger.java:2159)
	at org.apache.logging.log4j.spi.AbstractLogger.logMessageSafely(AbstractLogger.java:2142)
	at org.apache.logging.log4j.spi.AbstractLogger.logMessage(AbstractLogger.java:2028)
	at org.apache.logging.log4j.spi.AbstractLogger.logIfEnabled(AbstractLogger.java:1891)
	at org.apache.logging.slf4j.Log4jLogger.info(Log4jLogger.java:194)
	at org.apache.storm.daemon.Task.getOutgoingTasks(Task.java:150)
	at org.apache.storm.executor.bolt.BoltOutputCollectorImpl.boltEmit(BoltOutputCollectorImpl.java:88)
	at org.apache.storm.executor.bolt.BoltOutputCollectorImpl.emit(BoltOutputCollectorImpl.java:65)
	at org.apache.storm.task.OutputCollector.emit(OutputCollector.java:93)
	at org.apache.storm.task.OutputCollector.emit(OutputCollector.java:54)
	at org.apache.storm.task.OutputCollector.emit(OutputCollector.java:88)
	at com.stormproject.ImageBolt.execute(ImageBolt.java:97)
	at org.apache.storm.executor.bolt.BoltExecutor.tupleActionFn(BoltExecutor.java:212)
	at org.apache.storm.executor.Executor.accept(Executor.java:294)
	at org.apache.storm.utils.JCQueue.consumeImpl(JCQueue.java:113)
	at org.apache.storm.utils.JCQueue.consume(JCQueue.java:89)
	at org.apache.storm.executor.bolt.BoltExecutor$1.call(BoltExecutor.java:154)
	at org.apache.storm.executor.bolt.BoltExecutor$1.call(BoltExecutor.java:140)
	at org.apache.storm.utils.Utils$1.run(Utils.java:398)
	at java.base/java.lang.Thread.run(Thread.java:834)
Caused by: java.net.SocketException: The message is larger than the maximum supported by the underlying transport: Datagram send failed
	at java.base/java.net.DualStackPlainDatagramSocketImpl.socketSend(Native Method)
	at java.base/java.net.DualStackPlainDatagramSocketImpl.send(DualStackPlainDatagramSocketImpl.java:136)
	at java.base/java.net.DatagramSocket.send(DatagramSocket.java:695)
	at org.apache.logging.log4j.core.net.DatagramOutputStream.flush(DatagramOutputStream.java:103)
	at org.apache.logging.log4j.core.appender.OutputStreamManager.flushDestination(OutputStreamManager.java:264)
	... 37 more

2023-09-26 13:30:23,474 Thread-17-image-bolt-executor[4, 4] ERROR An exception occurred processing Appender syslog org.apache.logging.log4j.core.appender.AppenderLoggingException: Error flushing stream UDP:localhost:514
	at org.apache.logging.log4j.core.appender.OutputStreamManager.flushDestination(OutputStreamManager.java:266)
	at org.apache.logging.log4j.core.appender.OutputStreamManager.write(OutputStreamManager.java:222)
	at org.apache.logging.log4j.core.appender.OutputStreamManager.write(OutputStreamManager.java:190)
	at org.apache.logging.log4j.core.appender.AbstractOutputStreamAppender.writeByteArrayToManager(AbstractOutputStreamAppender.java:206)
	at org.apache.logging.log4j.core.appender.SocketAppender.directEncodeEvent(SocketAppender.java:459)
	at org.apache.logging.log4j.core.appender.AbstractOutputStreamAppender.tryAppend(AbstractOutputStreamAppender.java:190)
	at org.apache.logging.log4j.core.appender.AbstractOutputStreamAppender.append(AbstractOutputStreamAppender.java:181)
	at org.apache.logging.log4j.core.config.AppenderControl.tryCallAppender(AppenderControl.java:161)
	at org.apache.logging.log4j.core.config.AppenderControl.callAppender0(AppenderControl.java:134)
	at org.apache.logging.log4j.core.config.AppenderControl.callAppenderPreventRecursion(AppenderControl.java:125)
	at org.apache.logging.log4j.core.config.AppenderControl.callAppender(AppenderControl.java:89)
	at org.apache.logging.log4j.core.config.LoggerConfig.callAppenders(LoggerConfig.java:542)
	at org.apache.logging.log4j.core.config.LoggerConfig.processLogEvent(LoggerConfig.java:500)
	at org.apache.logging.log4j.core.config.LoggerConfig.log(LoggerConfig.java:483)
	at org.apache.logging.log4j.core.config.LoggerConfig.log(LoggerConfig.java:417)
	at org.apache.logging.log4j.core.config.AwaitCompletionReliabilityStrategy.log(AwaitCompletionReliabilityStrategy.java:82)
	at org.apache.logging.log4j.core.Logger.log(Logger.java:161)
	at org.apache.logging.log4j.spi.AbstractLogger.tryLogMessage(AbstractLogger.java:2205)
	at org.apache.logging.log4j.spi.AbstractLogger.logMessageTrackRecursion(AbstractLogger.java:2159)
	at org.apache.logging.log4j.spi.AbstractLogger.logMessageSafely(AbstractLogger.java:2142)
	at org.apache.logging.log4j.spi.AbstractLogger.logMessage(AbstractLogger.java:2028)
	at org.apache.logging.log4j.spi.AbstractLogger.logIfEnabled(AbstractLogger.java:1891)
	at org.apache.logging.slf4j.Log4jLogger.info(Log4jLogger.java:194)
	at org.apache.storm.daemon.Task.getOutgoingTasks(Task.java:150)
	at org.apache.storm.executor.bolt.BoltOutputCollectorImpl.boltEmit(BoltOutputCollectorImpl.java:88)
	at org.apache.storm.executor.bolt.BoltOutputCollectorImpl.emit(BoltOutputCollectorImpl.java:65)
	at org.apache.storm.task.OutputCollector.emit(OutputCollector.java:93)
	at org.apache.storm.task.OutputCollector.emit(OutputCollector.java:54)
	at org.apache.storm.task.OutputCollector.emit(OutputCollector.java:88)
	at com.stormproject.ImageBolt.execute(ImageBolt.java:97)
	at org.apache.storm.executor.bolt.BoltExecutor.tupleActionFn(BoltExecutor.java:212)
	at org.apache.storm.executor.Executor.accept(Executor.java:294)
	at org.apache.storm.utils.JCQueue.consumeImpl(JCQueue.java:113)
	at org.apache.storm.utils.JCQueue.consume(JCQueue.java:89)
	at org.apache.storm.executor.bolt.BoltExecutor$1.call(BoltExecutor.java:154)
	at org.apache.storm.executor.bolt.BoltExecutor$1.call(BoltExecutor.java:140)
	at org.apache.storm.utils.Utils$1.run(Utils.java:398)
	at java.base/java.lang.Thread.run(Thread.java:834)
Caused by: java.net.SocketException: The message is larger than the maximum supported by the underlying transport: Datagram send failed
	at java.base/java.net.DualStackPlainDatagramSocketImpl.socketSend(Native Method)
	at java.base/java.net.DualStackPlainDatagramSocketImpl.send(DualStackPlainDatagramSocketImpl.java:136)
	at java.base/java.net.DatagramSocket.send(DatagramSocket.java:695)
	at org.apache.logging.log4j.core.net.DatagramOutputStream.flush(DatagramOutputStream.java:103)
	at org.apache.logging.log4j.core.appender.OutputStreamManager.flushDestination(OutputStreamManager.java:264)
	... 37 more

2023-09-26 13:30:25,878 Thread-17-image-bolt-executor[4, 4] ERROR Unable to write to stream UDP:localhost:514 for appender syslog org.apache.logging.log4j.core.appender.AppenderLoggingException: Error flushing stream UDP:localhost:514
	at org.apache.logging.log4j.core.appender.OutputStreamManager.flushDestination(OutputStreamManager.java:266)
	at org.apache.logging.log4j.core.appender.OutputStreamManager.write(OutputStreamManager.java:222)
	at org.apache.logging.log4j.core.appender.OutputStreamManager.write(OutputStreamManager.java:190)
	at org.apache.logging.log4j.core.appender.AbstractOutputStreamAppender.writeByteArrayToManager(AbstractOutputStreamAppender.java:206)
	at org.apache.logging.log4j.core.appender.SocketAppender.directEncodeEvent(SocketAppender.java:459)
	at org.apache.logging.log4j.core.appender.AbstractOutputStreamAppender.tryAppend(AbstractOutputStreamAppender.java:190)
	at org.apache.logging.log4j.core.appender.AbstractOutputStreamAppender.append(AbstractOutputStreamAppender.java:181)
	at org.apache.logging.log4j.core.config.AppenderControl.tryCallAppender(AppenderControl.java:161)
	at org.apache.logging.log4j.core.config.AppenderControl.callAppender0(AppenderControl.java:134)
	at org.apache.logging.log4j.core.config.AppenderControl.callAppenderPreventRecursion(AppenderControl.java:125)
	at org.apache.logging.log4j.core.config.AppenderControl.callAppender(AppenderControl.java:89)
	at org.apache.logging.log4j.core.config.LoggerConfig.callAppenders(LoggerConfig.java:542)
	at org.apache.logging.log4j.core.config.LoggerConfig.processLogEvent(LoggerConfig.java:500)
	at org.apache.logging.log4j.core.config.LoggerConfig.log(LoggerConfig.java:483)
	at org.apache.logging.log4j.core.config.LoggerConfig.log(LoggerConfig.java:417)
	at org.apache.logging.log4j.core.config.AwaitCompletionReliabilityStrategy.log(AwaitCompletionReliabilityStrategy.java:82)
	at org.apache.logging.log4j.core.Logger.log(Logger.java:161)
	at org.apache.logging.log4j.spi.AbstractLogger.tryLogMessage(AbstractLogger.java:2205)
	at org.apache.logging.log4j.spi.AbstractLogger.logMessageTrackRecursion(AbstractLogger.java:2159)
	at org.apache.logging.log4j.spi.AbstractLogger.logMessageSafely(AbstractLogger.java:2142)
	at org.apache.logging.log4j.spi.AbstractLogger.logMessage(AbstractLogger.java:2028)
	at org.apache.logging.log4j.spi.AbstractLogger.logIfEnabled(AbstractLogger.java:1891)
	at org.apache.logging.slf4j.Log4jLogger.info(Log4jLogger.java:194)
	at org.apache.storm.daemon.Task.getOutgoingTasks(Task.java:150)
	at org.apache.storm.executor.bolt.BoltOutputCollectorImpl.boltEmit(BoltOutputCollectorImpl.java:88)
	at org.apache.storm.executor.bolt.BoltOutputCollectorImpl.emit(BoltOutputCollectorImpl.java:65)
	at org.apache.storm.task.OutputCollector.emit(OutputCollector.java:93)
	at org.apache.storm.task.OutputCollector.emit(OutputCollector.java:54)
	at org.apache.storm.task.OutputCollector.emit(OutputCollector.java:88)
	at com.stormproject.ImageBolt.execute(ImageBolt.java:97)
	at org.apache.storm.executor.bolt.BoltExecutor.tupleActionFn(BoltExecutor.java:212)
	at org.apache.storm.executor.Executor.accept(Executor.java:294)
	at org.apache.storm.utils.JCQueue.consumeImpl(JCQueue.java:113)
	at org.apache.storm.utils.JCQueue.consume(JCQueue.java:89)
	at org.apache.storm.executor.bolt.BoltExecutor$1.call(BoltExecutor.java:154)
	at org.apache.storm.executor.bolt.BoltExecutor$1.call(BoltExecutor.java:140)
	at org.apache.storm.utils.Utils$1.run(Utils.java:398)
	at java.base/java.lang.Thread.run(Thread.java:834)
Caused by: java.net.SocketException: The message is larger than the maximum supported by the underlying transport: Datagram send failed
	at java.base/java.net.DualStackPlainDatagramSocketImpl.socketSend(Native Method)
	at java.base/java.net.DualStackPlainDatagramSocketImpl.send(DualStackPlainDatagramSocketImpl.java:136)
	at java.base/java.net.DatagramSocket.send(DatagramSocket.java:695)
	at org.apache.logging.log4j.core.net.DatagramOutputStream.flush(DatagramOutputStream.java:103)
	at org.apache.logging.log4j.core.appender.OutputStreamManager.flushDestination(OutputStreamManager.java:264)
	... 37 more

2023-09-26 13:30:25,881 Thread-17-image-bolt-executor[4, 4] ERROR An exception occurred processing Appender syslog org.apache.logging.log4j.core.appender.AppenderLoggingException: Error flushing stream UDP:localhost:514
	at org.apache.logging.log4j.core.appender.OutputStreamManager.flushDestination(OutputStreamManager.java:266)
	at org.apache.logging.log4j.core.appender.OutputStreamManager.write(OutputStreamManager.java:222)
	at org.apache.logging.log4j.core.appender.OutputStreamManager.write(OutputStreamManager.java:190)
	at org.apache.logging.log4j.core.appender.AbstractOutputStreamAppender.writeByteArrayToManager(AbstractOutputStreamAppender.java:206)
	at org.apache.logging.log4j.core.appender.SocketAppender.directEncodeEvent(SocketAppender.java:459)
	at org.apache.logging.log4j.core.appender.AbstractOutputStreamAppender.tryAppend(AbstractOutputStreamAppender.java:190)
	at org.apache.logging.log4j.core.appender.AbstractOutputStreamAppender.append(AbstractOutputStreamAppender.java:181)
	at org.apache.logging.log4j.core.config.AppenderControl.tryCallAppender(AppenderControl.java:161)
	at org.apache.logging.log4j.core.config.AppenderControl.callAppender0(AppenderControl.java:134)
	at org.apache.logging.log4j.core.config.AppenderControl.callAppenderPreventRecursion(AppenderControl.java:125)
	at org.apache.logging.log4j.core.config.AppenderControl.callAppender(AppenderControl.java:89)
	at org.apache.logging.log4j.core.config.LoggerConfig.callAppenders(LoggerConfig.java:542)
	at org.apache.logging.log4j.core.config.LoggerConfig.processLogEvent(LoggerConfig.java:500)
	at org.apache.logging.log4j.core.config.LoggerConfig.log(LoggerConfig.java:483)
	at org.apache.logging.log4j.core.config.LoggerConfig.log(LoggerConfig.java:417)
	at org.apache.logging.log4j.core.config.AwaitCompletionReliabilityStrategy.log(AwaitCompletionReliabilityStrategy.java:82)
	at org.apache.logging.log4j.core.Logger.log(Logger.java:161)
	at org.apache.logging.log4j.spi.AbstractLogger.tryLogMessage(AbstractLogger.java:2205)
	at org.apache.logging.log4j.spi.AbstractLogger.logMessageTrackRecursion(AbstractLogger.java:2159)
	at org.apache.logging.log4j.spi.AbstractLogger.logMessageSafely(AbstractLogger.java:2142)
	at org.apache.logging.log4j.spi.AbstractLogger.logMessage(AbstractLogger.java:2028)
	at org.apache.logging.log4j.spi.AbstractLogger.logIfEnabled(AbstractLogger.java:1891)
	at org.apache.logging.slf4j.Log4jLogger.info(Log4jLogger.java:194)
	at org.apache.storm.daemon.Task.getOutgoingTasks(Task.java:150)
	at org.apache.storm.executor.bolt.BoltOutputCollectorImpl.boltEmit(BoltOutputCollectorImpl.java:88)
	at org.apache.storm.executor.bolt.BoltOutputCollectorImpl.emit(BoltOutputCollectorImpl.java:65)
	at org.apache.storm.task.OutputCollector.emit(OutputCollector.java:93)
	at org.apache.storm.task.OutputCollector.emit(OutputCollector.java:54)
	at org.apache.storm.task.OutputCollector.emit(OutputCollector.java:88)
	at com.stormproject.ImageBolt.execute(ImageBolt.java:97)
	at org.apache.storm.executor.bolt.BoltExecutor.tupleActionFn(BoltExecutor.java:212)
	at org.apache.storm.executor.Executor.accept(Executor.java:294)
	at org.apache.storm.utils.JCQueue.consumeImpl(JCQueue.java:113)
	at org.apache.storm.utils.JCQueue.consume(JCQueue.java:89)
	at org.apache.storm.executor.bolt.BoltExecutor$1.call(BoltExecutor.java:154)
	at org.apache.storm.executor.bolt.BoltExecutor$1.call(BoltExecutor.java:140)
	at org.apache.storm.utils.Utils$1.run(Utils.java:398)
	at java.base/java.lang.Thread.run(Thread.java:834)
Caused by: java.net.SocketException: The message is larger than the maximum supported by the underlying transport: Datagram send failed
	at java.base/java.net.DualStackPlainDatagramSocketImpl.socketSend(Native Method)
	at java.base/java.net.DualStackPlainDatagramSocketImpl.send(DualStackPlainDatagramSocketImpl.java:136)
	at java.base/java.net.DatagramSocket.send(DatagramSocket.java:695)
	at org.apache.logging.log4j.core.net.DatagramOutputStream.flush(DatagramOutputStream.java:103)
	at org.apache.logging.log4j.core.appender.OutputStreamManager.flushDestination(OutputStreamManager.java:264)
	... 37 more

2023-09-26 13:35:26,452 Thread-17-image-bolt-executor[4, 4] ERROR Unable to write to stream UDP:localhost:514 for appender syslog org.apache.logging.log4j.core.appender.AppenderLoggingException: Error flushing stream UDP:localhost:514
	at org.apache.logging.log4j.core.appender.OutputStreamManager.flushDestination(OutputStreamManager.java:266)
	at org.apache.logging.log4j.core.appender.OutputStreamManager.write(OutputStreamManager.java:222)
	at org.apache.logging.log4j.core.appender.OutputStreamManager.write(OutputStreamManager.java:190)
	at org.apache.logging.log4j.core.appender.AbstractOutputStreamAppender.writeByteArrayToManager(AbstractOutputStreamAppender.java:206)
	at org.apache.logging.log4j.core.appender.SocketAppender.directEncodeEvent(SocketAppender.java:459)
	at org.apache.logging.log4j.core.appender.AbstractOutputStreamAppender.tryAppend(AbstractOutputStreamAppender.java:190)
	at org.apache.logging.log4j.core.appender.AbstractOutputStreamAppender.append(AbstractOutputStreamAppender.java:181)
	at org.apache.logging.log4j.core.config.AppenderControl.tryCallAppender(AppenderControl.java:161)
	at org.apache.logging.log4j.core.config.AppenderControl.callAppender0(AppenderControl.java:134)
	at org.apache.logging.log4j.core.config.AppenderControl.callAppenderPreventRecursion(AppenderControl.java:125)
	at org.apache.logging.log4j.core.config.AppenderControl.callAppender(AppenderControl.java:89)
	at org.apache.logging.log4j.core.config.LoggerConfig.callAppenders(LoggerConfig.java:542)
	at org.apache.logging.log4j.core.config.LoggerConfig.processLogEvent(LoggerConfig.java:500)
	at org.apache.logging.log4j.core.config.LoggerConfig.log(LoggerConfig.java:483)
	at org.apache.logging.log4j.core.config.LoggerConfig.log(LoggerConfig.java:417)
	at org.apache.logging.log4j.core.config.AwaitCompletionReliabilityStrategy.log(AwaitCompletionReliabilityStrategy.java:82)
	at org.apache.logging.log4j.core.Logger.log(Logger.java:161)
	at org.apache.logging.log4j.spi.AbstractLogger.tryLogMessage(AbstractLogger.java:2205)
	at org.apache.logging.log4j.spi.AbstractLogger.logMessageTrackRecursion(AbstractLogger.java:2159)
	at org.apache.logging.log4j.spi.AbstractLogger.logMessageSafely(AbstractLogger.java:2142)
	at org.apache.logging.log4j.spi.AbstractLogger.logMessage(AbstractLogger.java:2028)
	at org.apache.logging.log4j.spi.AbstractLogger.logIfEnabled(AbstractLogger.java:1891)
	at org.apache.logging.slf4j.Log4jLogger.info(Log4jLogger.java:194)
	at org.apache.storm.daemon.Task.getOutgoingTasks(Task.java:150)
	at org.apache.storm.executor.bolt.BoltOutputCollectorImpl.boltEmit(BoltOutputCollectorImpl.java:88)
	at org.apache.storm.executor.bolt.BoltOutputCollectorImpl.emit(BoltOutputCollectorImpl.java:65)
	at org.apache.storm.task.OutputCollector.emit(OutputCollector.java:93)
	at org.apache.storm.task.OutputCollector.emit(OutputCollector.java:54)
	at org.apache.storm.task.OutputCollector.emit(OutputCollector.java:88)
	at com.stormproject.ImageBolt.execute(ImageBolt.java:97)
	at org.apache.storm.executor.bolt.BoltExecutor.tupleActionFn(BoltExecutor.java:212)
	at org.apache.storm.executor.Executor.accept(Executor.java:294)
	at org.apache.storm.utils.JCQueue.consumeImpl(JCQueue.java:113)
	at org.apache.storm.utils.JCQueue.consume(JCQueue.java:89)
	at org.apache.storm.executor.bolt.BoltExecutor$1.call(BoltExecutor.java:154)
	at org.apache.storm.executor.bolt.BoltExecutor$1.call(BoltExecutor.java:140)
	at org.apache.storm.utils.Utils$1.run(Utils.java:398)
	at java.base/java.lang.Thread.run(Thread.java:834)
Caused by: java.net.SocketException: The message is larger than the maximum supported by the underlying transport: Datagram send failed
	at java.base/java.net.DualStackPlainDatagramSocketImpl.socketSend(Native Method)
	at java.base/java.net.DualStackPlainDatagramSocketImpl.send(DualStackPlainDatagramSocketImpl.java:136)
	at java.base/java.net.DatagramSocket.send(DatagramSocket.java:695)
	at org.apache.logging.log4j.core.net.DatagramOutputStream.flush(DatagramOutputStream.java:103)
	at org.apache.logging.log4j.core.appender.OutputStreamManager.flushDestination(OutputStreamManager.java:264)
	... 37 more

2023-09-26 13:40:27,974 Thread-17-image-bolt-executor[4, 4] ERROR Unable to write to stream UDP:localhost:514 for appender syslog org.apache.logging.log4j.core.appender.AppenderLoggingException: Error flushing stream UDP:localhost:514
	at org.apache.logging.log4j.core.appender.OutputStreamManager.flushDestination(OutputStreamManager.java:266)
	at org.apache.logging.log4j.core.appender.OutputStreamManager.write(OutputStreamManager.java:222)
	at org.apache.logging.log4j.core.appender.OutputStreamManager.write(OutputStreamManager.java:190)
	at org.apache.logging.log4j.core.appender.AbstractOutputStreamAppender.writeByteArrayToManager(AbstractOutputStreamAppender.java:206)
	at org.apache.logging.log4j.core.appender.SocketAppender.directEncodeEvent(SocketAppender.java:459)
	at org.apache.logging.log4j.core.appender.AbstractOutputStreamAppender.tryAppend(AbstractOutputStreamAppender.java:190)
	at org.apache.logging.log4j.core.appender.AbstractOutputStreamAppender.append(AbstractOutputStreamAppender.java:181)
	at org.apache.logging.log4j.core.config.AppenderControl.tryCallAppender(AppenderControl.java:161)
	at org.apache.logging.log4j.core.config.AppenderControl.callAppender0(AppenderControl.java:134)
	at org.apache.logging.log4j.core.config.AppenderControl.callAppenderPreventRecursion(AppenderControl.java:125)
	at org.apache.logging.log4j.core.config.AppenderControl.callAppender(AppenderControl.java:89)
	at org.apache.logging.log4j.core.config.LoggerConfig.callAppenders(LoggerConfig.java:542)
	at org.apache.logging.log4j.core.config.LoggerConfig.processLogEvent(LoggerConfig.java:500)
	at org.apache.logging.log4j.core.config.LoggerConfig.log(LoggerConfig.java:483)
	at org.apache.logging.log4j.core.config.LoggerConfig.log(LoggerConfig.java:417)
	at org.apache.logging.log4j.core.config.AwaitCompletionReliabilityStrategy.log(AwaitCompletionReliabilityStrategy.java:82)
	at org.apache.logging.log4j.core.Logger.log(Logger.java:161)
	at org.apache.logging.log4j.spi.AbstractLogger.tryLogMessage(AbstractLogger.java:2205)
	at org.apache.logging.log4j.spi.AbstractLogger.logMessageTrackRecursion(AbstractLogger.java:2159)
	at org.apache.logging.log4j.spi.AbstractLogger.logMessageSafely(AbstractLogger.java:2142)
	at org.apache.logging.log4j.spi.AbstractLogger.logMessage(AbstractLogger.java:2028)
	at org.apache.logging.log4j.spi.AbstractLogger.logIfEnabled(AbstractLogger.java:1891)
	at org.apache.logging.slf4j.Log4jLogger.info(Log4jLogger.java:194)
	at org.apache.storm.daemon.Task.getOutgoingTasks(Task.java:150)
	at org.apache.storm.executor.bolt.BoltOutputCollectorImpl.boltEmit(BoltOutputCollectorImpl.java:88)
	at org.apache.storm.executor.bolt.BoltOutputCollectorImpl.emit(BoltOutputCollectorImpl.java:65)
	at org.apache.storm.task.OutputCollector.emit(OutputCollector.java:93)
	at org.apache.storm.task.OutputCollector.emit(OutputCollector.java:54)
	at org.apache.storm.task.OutputCollector.emit(OutputCollector.java:88)
	at com.stormproject.ImageBolt.execute(ImageBolt.java:97)
	at org.apache.storm.executor.bolt.BoltExecutor.tupleActionFn(BoltExecutor.java:212)
	at org.apache.storm.executor.Executor.accept(Executor.java:294)
	at org.apache.storm.utils.JCQueue.consumeImpl(JCQueue.java:113)
	at org.apache.storm.utils.JCQueue.consume(JCQueue.java:89)
	at org.apache.storm.executor.bolt.BoltExecutor$1.call(BoltExecutor.java:154)
	at org.apache.storm.executor.bolt.BoltExecutor$1.call(BoltExecutor.java:140)
	at org.apache.storm.utils.Utils$1.run(Utils.java:398)
	at java.base/java.lang.Thread.run(Thread.java:834)
Caused by: java.net.SocketException: The message is larger than the maximum supported by the underlying transport: Datagram send failed
	at java.base/java.net.DualStackPlainDatagramSocketImpl.socketSend(Native Method)
	at java.base/java.net.DualStackPlainDatagramSocketImpl.send(DualStackPlainDatagramSocketImpl.java:136)
	at java.base/java.net.DatagramSocket.send(DatagramSocket.java:695)
	at org.apache.logging.log4j.core.net.DatagramOutputStream.flush(DatagramOutputStream.java:103)
	at org.apache.logging.log4j.core.appender.OutputStreamManager.flushDestination(OutputStreamManager.java:264)
	... 37 more

2023-09-26 13:43:10,943 Thread-17-image-bolt-executor[4, 4] ERROR Unable to delete file C:\apache-storm-2.5.0\logs\workers-artifacts\frames-2-1695702594\6700\worker.log: java.nio.file.FileSystemException C:\apache-storm-2.5.0\logs\workers-artifacts\frames-2-1695702594\6700\worker.log: ´Ů¸Ą ÇÁ·ÎĽĽ˝ş°ˇ ĆÄŔĎŔ» »çżë ÁßŔĚ±â ¶§ą®żˇ ÇÁ·ÎĽĽ˝ş°ˇ ľ×ĽĽ˝ş ÇŇ Ľö ľř˝Ŕ´Ď´Ů.

2023-09-26 13:45:28,421 Thread-17-image-bolt-executor[4, 4] ERROR Unable to write to stream UDP:localhost:514 for appender syslog org.apache.logging.log4j.core.appender.AppenderLoggingException: Error flushing stream UDP:localhost:514
	at org.apache.logging.log4j.core.appender.OutputStreamManager.flushDestination(OutputStreamManager.java:266)
	at org.apache.logging.log4j.core.appender.OutputStreamManager.write(OutputStreamManager.java:222)
	at org.apache.logging.log4j.core.appender.OutputStreamManager.write(OutputStreamManager.java:190)
	at org.apache.logging.log4j.core.appender.AbstractOutputStreamAppender.writeByteArrayToManager(AbstractOutputStreamAppender.java:206)
	at org.apache.logging.log4j.core.appender.SocketAppender.directEncodeEvent(SocketAppender.java:459)
	at org.apache.logging.log4j.core.appender.AbstractOutputStreamAppender.tryAppend(AbstractOutputStreamAppender.java:190)
	at org.apache.logging.log4j.core.appender.AbstractOutputStreamAppender.append(AbstractOutputStreamAppender.java:181)
	at org.apache.logging.log4j.core.config.AppenderControl.tryCallAppender(AppenderControl.java:161)
	at org.apache.logging.log4j.core.config.AppenderControl.callAppender0(AppenderControl.java:134)
	at org.apache.logging.log4j.core.config.AppenderControl.callAppenderPreventRecursion(AppenderControl.java:125)
	at org.apache.logging.log4j.core.config.AppenderControl.callAppender(AppenderControl.java:89)
	at org.apache.logging.log4j.core.config.LoggerConfig.callAppenders(LoggerConfig.java:542)
	at org.apache.logging.log4j.core.config.LoggerConfig.processLogEvent(LoggerConfig.java:500)
	at org.apache.logging.log4j.core.config.LoggerConfig.log(LoggerConfig.java:483)
	at org.apache.logging.log4j.core.config.LoggerConfig.log(LoggerConfig.java:417)
	at org.apache.logging.log4j.core.config.AwaitCompletionReliabilityStrategy.log(AwaitCompletionReliabilityStrategy.java:82)
	at org.apache.logging.log4j.core.Logger.log(Logger.java:161)
	at org.apache.logging.log4j.spi.AbstractLogger.tryLogMessage(AbstractLogger.java:2205)
	at org.apache.logging.log4j.spi.AbstractLogger.logMessageTrackRecursion(AbstractLogger.java:2159)
	at org.apache.logging.log4j.spi.AbstractLogger.logMessageSafely(AbstractLogger.java:2142)
	at org.apache.logging.log4j.spi.AbstractLogger.logMessage(AbstractLogger.java:2028)
	at org.apache.logging.log4j.spi.AbstractLogger.logIfEnabled(AbstractLogger.java:1891)
	at org.apache.logging.slf4j.Log4jLogger.info(Log4jLogger.java:194)
	at org.apache.storm.daemon.Task.getOutgoingTasks(Task.java:150)
	at org.apache.storm.executor.bolt.BoltOutputCollectorImpl.boltEmit(BoltOutputCollectorImpl.java:88)
	at org.apache.storm.executor.bolt.BoltOutputCollectorImpl.emit(BoltOutputCollectorImpl.java:65)
	at org.apache.storm.task.OutputCollector.emit(OutputCollector.java:93)
	at org.apache.storm.task.OutputCollector.emit(OutputCollector.java:54)
	at org.apache.storm.task.OutputCollector.emit(OutputCollector.java:88)
	at com.stormproject.ImageBolt.execute(ImageBolt.java:97)
	at org.apache.storm.executor.bolt.BoltExecutor.tupleActionFn(BoltExecutor.java:212)
	at org.apache.storm.executor.Executor.accept(Executor.java:294)
	at org.apache.storm.utils.JCQueue.consumeImpl(JCQueue.java:113)
	at org.apache.storm.utils.JCQueue.consume(JCQueue.java:89)
	at org.apache.storm.executor.bolt.BoltExecutor$1.call(BoltExecutor.java:154)
	at org.apache.storm.executor.bolt.BoltExecutor$1.call(BoltExecutor.java:140)
	at org.apache.storm.utils.Utils$1.run(Utils.java:398)
	at java.base/java.lang.Thread.run(Thread.java:834)
Caused by: java.net.SocketException: The message is larger than the maximum supported by the underlying transport: Datagram send failed
	at java.base/java.net.DualStackPlainDatagramSocketImpl.socketSend(Native Method)
	at java.base/java.net.DualStackPlainDatagramSocketImpl.send(DualStackPlainDatagramSocketImpl.java:136)
	at java.base/java.net.DatagramSocket.send(DatagramSocket.java:695)
	at org.apache.logging.log4j.core.net.DatagramOutputStream.flush(DatagramOutputStream.java:103)
	at org.apache.logging.log4j.core.appender.OutputStreamManager.flushDestination(OutputStreamManager.java:264)
	... 37 more

2023-09-26 13:50:29,602 Thread-17-image-bolt-executor[4, 4] ERROR Unable to write to stream UDP:localhost:514 for appender syslog org.apache.logging.log4j.core.appender.AppenderLoggingException: Error flushing stream UDP:localhost:514
	at org.apache.logging.log4j.core.appender.OutputStreamManager.flushDestination(OutputStreamManager.java:266)
	at org.apache.logging.log4j.core.appender.OutputStreamManager.write(OutputStreamManager.java:222)
	at org.apache.logging.log4j.core.appender.OutputStreamManager.write(OutputStreamManager.java:190)
	at org.apache.logging.log4j.core.appender.AbstractOutputStreamAppender.writeByteArrayToManager(AbstractOutputStreamAppender.java:206)
	at org.apache.logging.log4j.core.appender.SocketAppender.directEncodeEvent(SocketAppender.java:459)
	at org.apache.logging.log4j.core.appender.AbstractOutputStreamAppender.tryAppend(AbstractOutputStreamAppender.java:190)
	at org.apache.logging.log4j.core.appender.AbstractOutputStreamAppender.append(AbstractOutputStreamAppender.java:181)
	at org.apache.logging.log4j.core.config.AppenderControl.tryCallAppender(AppenderControl.java:161)
	at org.apache.logging.log4j.core.config.AppenderControl.callAppender0(AppenderControl.java:134)
	at org.apache.logging.log4j.core.config.AppenderControl.callAppenderPreventRecursion(AppenderControl.java:125)
	at org.apache.logging.log4j.core.config.AppenderControl.callAppender(AppenderControl.java:89)
	at org.apache.logging.log4j.core.config.LoggerConfig.callAppenders(LoggerConfig.java:542)
	at org.apache.logging.log4j.core.config.LoggerConfig.processLogEvent(LoggerConfig.java:500)
	at org.apache.logging.log4j.core.config.LoggerConfig.log(LoggerConfig.java:483)
	at org.apache.logging.log4j.core.config.LoggerConfig.log(LoggerConfig.java:417)
	at org.apache.logging.log4j.core.config.AwaitCompletionReliabilityStrategy.log(AwaitCompletionReliabilityStrategy.java:82)
	at org.apache.logging.log4j.core.Logger.log(Logger.java:161)
	at org.apache.logging.log4j.spi.AbstractLogger.tryLogMessage(AbstractLogger.java:2205)
	at org.apache.logging.log4j.spi.AbstractLogger.logMessageTrackRecursion(AbstractLogger.java:2159)
	at org.apache.logging.log4j.spi.AbstractLogger.logMessageSafely(AbstractLogger.java:2142)
	at org.apache.logging.log4j.spi.AbstractLogger.logMessage(AbstractLogger.java:2028)
	at org.apache.logging.log4j.spi.AbstractLogger.logIfEnabled(AbstractLogger.java:1891)
	at org.apache.logging.slf4j.Log4jLogger.info(Log4jLogger.java:194)
	at org.apache.storm.daemon.Task.getOutgoingTasks(Task.java:150)
	at org.apache.storm.executor.bolt.BoltOutputCollectorImpl.boltEmit(BoltOutputCollectorImpl.java:88)
	at org.apache.storm.executor.bolt.BoltOutputCollectorImpl.emit(BoltOutputCollectorImpl.java:65)
	at org.apache.storm.task.OutputCollector.emit(OutputCollector.java:93)
	at org.apache.storm.task.OutputCollector.emit(OutputCollector.java:54)
	at org.apache.storm.task.OutputCollector.emit(OutputCollector.java:88)
	at com.stormproject.ImageBolt.execute(ImageBolt.java:97)
	at org.apache.storm.executor.bolt.BoltExecutor.tupleActionFn(BoltExecutor.java:212)
	at org.apache.storm.executor.Executor.accept(Executor.java:294)
	at org.apache.storm.utils.JCQueue.consumeImpl(JCQueue.java:113)
	at org.apache.storm.utils.JCQueue.consume(JCQueue.java:89)
	at org.apache.storm.executor.bolt.BoltExecutor$1.call(BoltExecutor.java:154)
	at org.apache.storm.executor.bolt.BoltExecutor$1.call(BoltExecutor.java:140)
	at org.apache.storm.utils.Utils$1.run(Utils.java:398)
	at java.base/java.lang.Thread.run(Thread.java:834)
Caused by: java.net.SocketException: The message is larger than the maximum supported by the underlying transport: Datagram send failed
	at java.base/java.net.DualStackPlainDatagramSocketImpl.socketSend(Native Method)
	at java.base/java.net.DualStackPlainDatagramSocketImpl.send(DualStackPlainDatagramSocketImpl.java:136)
	at java.base/java.net.DatagramSocket.send(DatagramSocket.java:695)
	at org.apache.logging.log4j.core.net.DatagramOutputStream.flush(DatagramOutputStream.java:103)
	at org.apache.logging.log4j.core.appender.OutputStreamManager.flushDestination(OutputStreamManager.java:264)
	... 37 more

2023-09-26 13:53:03,914 Thread-17-image-bolt-executor[4, 4] ERROR Unable to delete file C:\apache-storm-2.5.0\logs\workers-artifacts\frames-2-1695702594\6700\worker.log: java.nio.file.FileSystemException C:\apache-storm-2.5.0\logs\workers-artifacts\frames-2-1695702594\6700\worker.log: ´Ů¸Ą ÇÁ·ÎĽĽ˝ş°ˇ ĆÄŔĎŔ» »çżë ÁßŔĚ±â ¶§ą®żˇ ÇÁ·ÎĽĽ˝ş°ˇ ľ×ĽĽ˝ş ÇŇ Ľö ľř˝Ŕ´Ď´Ů.

2023-09-26 13:55:30,376 Thread-17-image-bolt-executor[4, 4] ERROR Unable to write to stream UDP:localhost:514 for appender syslog org.apache.logging.log4j.core.appender.AppenderLoggingException: Error flushing stream UDP:localhost:514
	at org.apache.logging.log4j.core.appender.OutputStreamManager.flushDestination(OutputStreamManager.java:266)
	at org.apache.logging.log4j.core.appender.OutputStreamManager.write(OutputStreamManager.java:222)
	at org.apache.logging.log4j.core.appender.OutputStreamManager.write(OutputStreamManager.java:190)
	at org.apache.logging.log4j.core.appender.AbstractOutputStreamAppender.writeByteArrayToManager(AbstractOutputStreamAppender.java:206)
	at org.apache.logging.log4j.core.appender.SocketAppender.directEncodeEvent(SocketAppender.java:459)
	at org.apache.logging.log4j.core.appender.AbstractOutputStreamAppender.tryAppend(AbstractOutputStreamAppender.java:190)
	at org.apache.logging.log4j.core.appender.AbstractOutputStreamAppender.append(AbstractOutputStreamAppender.java:181)
	at org.apache.logging.log4j.core.config.AppenderControl.tryCallAppender(AppenderControl.java:161)
	at org.apache.logging.log4j.core.config.AppenderControl.callAppender0(AppenderControl.java:134)
	at org.apache.logging.log4j.core.config.AppenderControl.callAppenderPreventRecursion(AppenderControl.java:125)
	at org.apache.logging.log4j.core.config.AppenderControl.callAppender(AppenderControl.java:89)
	at org.apache.logging.log4j.core.config.LoggerConfig.callAppenders(LoggerConfig.java:542)
	at org.apache.logging.log4j.core.config.LoggerConfig.processLogEvent(LoggerConfig.java:500)
	at org.apache.logging.log4j.core.config.LoggerConfig.log(LoggerConfig.java:483)
	at org.apache.logging.log4j.core.config.LoggerConfig.log(LoggerConfig.java:417)
	at org.apache.logging.log4j.core.config.AwaitCompletionReliabilityStrategy.log(AwaitCompletionReliabilityStrategy.java:82)
	at org.apache.logging.log4j.core.Logger.log(Logger.java:161)
	at org.apache.logging.log4j.spi.AbstractLogger.tryLogMessage(AbstractLogger.java:2205)
	at org.apache.logging.log4j.spi.AbstractLogger.logMessageTrackRecursion(AbstractLogger.java:2159)
	at org.apache.logging.log4j.spi.AbstractLogger.logMessageSafely(AbstractLogger.java:2142)
	at org.apache.logging.log4j.spi.AbstractLogger.logMessage(AbstractLogger.java:2028)
	at org.apache.logging.log4j.spi.AbstractLogger.logIfEnabled(AbstractLogger.java:1891)
	at org.apache.logging.slf4j.Log4jLogger.info(Log4jLogger.java:194)
	at org.apache.storm.daemon.Task.getOutgoingTasks(Task.java:150)
	at org.apache.storm.executor.bolt.BoltOutputCollectorImpl.boltEmit(BoltOutputCollectorImpl.java:88)
	at org.apache.storm.executor.bolt.BoltOutputCollectorImpl.emit(BoltOutputCollectorImpl.java:65)
	at org.apache.storm.task.OutputCollector.emit(OutputCollector.java:93)
	at org.apache.storm.task.OutputCollector.emit(OutputCollector.java:54)
	at org.apache.storm.task.OutputCollector.emit(OutputCollector.java:88)
	at com.stormproject.ImageBolt.execute(ImageBolt.java:97)
	at org.apache.storm.executor.bolt.BoltExecutor.tupleActionFn(BoltExecutor.java:212)
	at org.apache.storm.executor.Executor.accept(Executor.java:294)
	at org.apache.storm.utils.JCQueue.consumeImpl(JCQueue.java:113)
	at org.apache.storm.utils.JCQueue.consume(JCQueue.java:89)
	at org.apache.storm.executor.bolt.BoltExecutor$1.call(BoltExecutor.java:154)
	at org.apache.storm.executor.bolt.BoltExecutor$1.call(BoltExecutor.java:140)
	at org.apache.storm.utils.Utils$1.run(Utils.java:398)
	at java.base/java.lang.Thread.run(Thread.java:834)
Caused by: java.net.SocketException: The message is larger than the maximum supported by the underlying transport: Datagram send failed
	at java.base/java.net.DualStackPlainDatagramSocketImpl.socketSend(Native Method)
	at java.base/java.net.DualStackPlainDatagramSocketImpl.send(DualStackPlainDatagramSocketImpl.java:136)
	at java.base/java.net.DatagramSocket.send(DatagramSocket.java:695)
	at org.apache.logging.log4j.core.net.DatagramOutputStream.flush(DatagramOutputStream.java:103)
	at org.apache.logging.log4j.core.appender.OutputStreamManager.flushDestination(OutputStreamManager.java:264)
	... 37 more

