[0.004s][warning][gc] -Xloggc is deprecated. Will use -Xlog:gc:artifacts/gc.log instead.
[0.005s][warning][gc] -XX:+PrintGCDetails is deprecated. Will use -Xlog:gc* instead.
[0.003s][warning][gc] -Xloggc is deprecated. Will use -Xlog:gc:artifacts/gc.log instead.
[0.003s][warning][gc] -XX:+PrintGCDetails is deprecated. Will use -Xlog:gc* instead.
[0.003s][warning][gc] -Xloggc is deprecated. Will use -Xlog:gc:artifacts/gc.log instead.
[0.003s][warning][gc] -XX:+PrintGCDetails is deprecated. Will use -Xlog:gc* instead.
2023-10-11 13:00:31,490 Thread-16-image-spout-executor[3, 3] ERROR Unable to write to stream UDP:localhost:514 for appender syslog org.apache.logging.log4j.core.appender.AppenderLoggingException: Error flushing stream UDP:localhost:514
	at org.apache.logging.log4j.core.appender.OutputStreamManager.flushDestination(OutputStreamManager.java:266)
	at org.apache.logging.log4j.core.appender.OutputStreamManager.write(OutputStreamManager.java:222)
	at org.apache.logging.log4j.core.appender.OutputStreamManager.write(OutputStreamManager.java:190)
	at org.apache.logging.log4j.core.appender.AbstractOutputStreamAppender.writeByteArrayToManager(AbstractOutputStreamAppender.java:206)
	at org.apache.logging.log4j.core.appender.SocketAppender.directEncodeEvent(SocketAppender.java:459)
	at org.apache.logging.log4j.core.appender.AbstractOutputStreamAppender.tryAppend(AbstractOutputStreamAppender.java:190)
	at org.apache.logging.log4j.core.appender.AbstractOutputStreamAppender.append(AbstractOutputStreamAppender.java:181)
	at org.apache.logging.log4j.core.config.AppenderControl.tryCallAppender(AppenderControl.java:161)
	at org.apache.logging.log4j.core.config.AppenderControl.callAppender0(AppenderControl.java:134)
	at org.apache.logging.log4j.core.config.AppenderControl.callAppenderPreventRecursion(AppenderControl.java:125)
	at org.apache.logging.log4j.core.config.AppenderControl.callAppender(AppenderControl.java:89)
	at org.apache.logging.log4j.core.config.LoggerConfig.callAppenders(LoggerConfig.java:542)
	at org.apache.logging.log4j.core.config.LoggerConfig.processLogEvent(LoggerConfig.java:500)
	at org.apache.logging.log4j.core.config.LoggerConfig.log(LoggerConfig.java:483)
	at org.apache.logging.log4j.core.config.LoggerConfig.log(LoggerConfig.java:417)
	at org.apache.logging.log4j.core.config.AwaitCompletionReliabilityStrategy.log(AwaitCompletionReliabilityStrategy.java:82)
	at org.apache.logging.log4j.core.Logger.log(Logger.java:161)
	at org.apache.logging.log4j.spi.AbstractLogger.tryLogMessage(AbstractLogger.java:2205)
	at org.apache.logging.log4j.spi.AbstractLogger.logMessageTrackRecursion(AbstractLogger.java:2159)
	at org.apache.logging.log4j.spi.AbstractLogger.logMessageSafely(AbstractLogger.java:2142)
	at org.apache.logging.log4j.spi.AbstractLogger.logMessage(AbstractLogger.java:2028)
	at org.apache.logging.log4j.spi.AbstractLogger.logIfEnabled(AbstractLogger.java:1891)
	at org.apache.logging.slf4j.Log4jLogger.info(Log4jLogger.java:194)
	at org.apache.storm.daemon.Task.getOutgoingTasks(Task.java:150)
	at org.apache.storm.executor.spout.SpoutOutputCollectorImpl.sendSpoutMsg(SpoutOutputCollectorImpl.java:117)
	at org.apache.storm.executor.spout.SpoutOutputCollectorImpl.emit(SpoutOutputCollectorImpl.java:70)
	at org.apache.storm.spout.SpoutOutputCollector.emit(SpoutOutputCollector.java:56)
	at org.apache.storm.spout.SpoutOutputCollector.emit(SpoutOutputCollector.java:64)
	at com.stormproject.ImageSpout.nextTuple(ImageSpout.java:76)
	at org.apache.storm.executor.spout.SpoutExecutor$2.call(SpoutExecutor.java:187)
	at org.apache.storm.executor.spout.SpoutExecutor$2.call(SpoutExecutor.java:153)
	at org.apache.storm.utils.Utils$1.run(Utils.java:398)
	at java.base/java.lang.Thread.run(Thread.java:833)
Caused by: java.net.SocketException: The message is larger than the maximum supported by the underlying transport: no further information
	at java.base/sun.nio.ch.DatagramChannelImpl.send0(Native Method)
	at java.base/sun.nio.ch.DatagramChannelImpl.sendFromNativeBuffer(DatagramChannelImpl.java:901)
	at java.base/sun.nio.ch.DatagramChannelImpl.send(DatagramChannelImpl.java:863)
	at java.base/sun.nio.ch.DatagramChannelImpl.send(DatagramChannelImpl.java:821)
	at java.base/sun.nio.ch.DatagramChannelImpl.blockingSend(DatagramChannelImpl.java:853)
	at java.base/sun.nio.ch.DatagramSocketAdaptor.send(DatagramSocketAdaptor.java:218)
	at java.base/java.net.DatagramSocket.send(DatagramSocket.java:664)
	at org.apache.logging.log4j.core.net.DatagramOutputStream.flush(DatagramOutputStream.java:103)
	at org.apache.logging.log4j.core.appender.OutputStreamManager.flushDestination(OutputStreamManager.java:264)
	... 32 more

2023-10-11 13:00:31,492 Thread-16-image-spout-executor[3, 3] ERROR An exception occurred processing Appender syslog org.apache.logging.log4j.core.appender.AppenderLoggingException: Error flushing stream UDP:localhost:514
	at org.apache.logging.log4j.core.appender.OutputStreamManager.flushDestination(OutputStreamManager.java:266)
	at org.apache.logging.log4j.core.appender.OutputStreamManager.write(OutputStreamManager.java:222)
	at org.apache.logging.log4j.core.appender.OutputStreamManager.write(OutputStreamManager.java:190)
	at org.apache.logging.log4j.core.appender.AbstractOutputStreamAppender.writeByteArrayToManager(AbstractOutputStreamAppender.java:206)
	at org.apache.logging.log4j.core.appender.SocketAppender.directEncodeEvent(SocketAppender.java:459)
	at org.apache.logging.log4j.core.appender.AbstractOutputStreamAppender.tryAppend(AbstractOutputStreamAppender.java:190)
	at org.apache.logging.log4j.core.appender.AbstractOutputStreamAppender.append(AbstractOutputStreamAppender.java:181)
	at org.apache.logging.log4j.core.config.AppenderControl.tryCallAppender(AppenderControl.java:161)
	at org.apache.logging.log4j.core.config.AppenderControl.callAppender0(AppenderControl.java:134)
	at org.apache.logging.log4j.core.config.AppenderControl.callAppenderPreventRecursion(AppenderControl.java:125)
	at org.apache.logging.log4j.core.config.AppenderControl.callAppender(AppenderControl.java:89)
	at org.apache.logging.log4j.core.config.LoggerConfig.callAppenders(LoggerConfig.java:542)
	at org.apache.logging.log4j.core.config.LoggerConfig.processLogEvent(LoggerConfig.java:500)
	at org.apache.logging.log4j.core.config.LoggerConfig.log(LoggerConfig.java:483)
	at org.apache.logging.log4j.core.config.LoggerConfig.log(LoggerConfig.java:417)
	at org.apache.logging.log4j.core.config.AwaitCompletionReliabilityStrategy.log(AwaitCompletionReliabilityStrategy.java:82)
	at org.apache.logging.log4j.core.Logger.log(Logger.java:161)
	at org.apache.logging.log4j.spi.AbstractLogger.tryLogMessage(AbstractLogger.java:2205)
	at org.apache.logging.log4j.spi.AbstractLogger.logMessageTrackRecursion(AbstractLogger.java:2159)
	at org.apache.logging.log4j.spi.AbstractLogger.logMessageSafely(AbstractLogger.java:2142)
	at org.apache.logging.log4j.spi.AbstractLogger.logMessage(AbstractLogger.java:2028)
	at org.apache.logging.log4j.spi.AbstractLogger.logIfEnabled(AbstractLogger.java:1891)
	at org.apache.logging.slf4j.Log4jLogger.info(Log4jLogger.java:194)
	at org.apache.storm.daemon.Task.getOutgoingTasks(Task.java:150)
	at org.apache.storm.executor.spout.SpoutOutputCollectorImpl.sendSpoutMsg(SpoutOutputCollectorImpl.java:117)
	at org.apache.storm.executor.spout.SpoutOutputCollectorImpl.emit(SpoutOutputCollectorImpl.java:70)
	at org.apache.storm.spout.SpoutOutputCollector.emit(SpoutOutputCollector.java:56)
	at org.apache.storm.spout.SpoutOutputCollector.emit(SpoutOutputCollector.java:64)
	at com.stormproject.ImageSpout.nextTuple(ImageSpout.java:76)
	at org.apache.storm.executor.spout.SpoutExecutor$2.call(SpoutExecutor.java:187)
	at org.apache.storm.executor.spout.SpoutExecutor$2.call(SpoutExecutor.java:153)
	at org.apache.storm.utils.Utils$1.run(Utils.java:398)
	at java.base/java.lang.Thread.run(Thread.java:833)
Caused by: java.net.SocketException: The message is larger than the maximum supported by the underlying transport: no further information
	at java.base/sun.nio.ch.DatagramChannelImpl.send0(Native Method)
	at java.base/sun.nio.ch.DatagramChannelImpl.sendFromNativeBuffer(DatagramChannelImpl.java:901)
	at java.base/sun.nio.ch.DatagramChannelImpl.send(DatagramChannelImpl.java:863)
	at java.base/sun.nio.ch.DatagramChannelImpl.send(DatagramChannelImpl.java:821)
	at java.base/sun.nio.ch.DatagramChannelImpl.blockingSend(DatagramChannelImpl.java:853)
	at java.base/sun.nio.ch.DatagramSocketAdaptor.send(DatagramSocketAdaptor.java:218)
	at java.base/java.net.DatagramSocket.send(DatagramSocket.java:664)
	at org.apache.logging.log4j.core.net.DatagramOutputStream.flush(DatagramOutputStream.java:103)
	at org.apache.logging.log4j.core.appender.OutputStreamManager.flushDestination(OutputStreamManager.java:264)
	... 32 more

2023-10-11 13:00:31,612 Thread-16-image-spout-executor[3, 3] ERROR Unable to write to stream UDP:localhost:514 for appender syslog org.apache.logging.log4j.core.appender.AppenderLoggingException: Error flushing stream UDP:localhost:514
	at org.apache.logging.log4j.core.appender.OutputStreamManager.flushDestination(OutputStreamManager.java:266)
	at org.apache.logging.log4j.core.appender.OutputStreamManager.write(OutputStreamManager.java:222)
	at org.apache.logging.log4j.core.appender.OutputStreamManager.write(OutputStreamManager.java:190)
	at org.apache.logging.log4j.core.appender.AbstractOutputStreamAppender.writeByteArrayToManager(AbstractOutputStreamAppender.java:206)
	at org.apache.logging.log4j.core.appender.SocketAppender.directEncodeEvent(SocketAppender.java:459)
	at org.apache.logging.log4j.core.appender.AbstractOutputStreamAppender.tryAppend(AbstractOutputStreamAppender.java:190)
	at org.apache.logging.log4j.core.appender.AbstractOutputStreamAppender.append(AbstractOutputStreamAppender.java:181)
	at org.apache.logging.log4j.core.config.AppenderControl.tryCallAppender(AppenderControl.java:161)
	at org.apache.logging.log4j.core.config.AppenderControl.callAppender0(AppenderControl.java:134)
	at org.apache.logging.log4j.core.config.AppenderControl.callAppenderPreventRecursion(AppenderControl.java:125)
	at org.apache.logging.log4j.core.config.AppenderControl.callAppender(AppenderControl.java:89)
	at org.apache.logging.log4j.core.config.LoggerConfig.callAppenders(LoggerConfig.java:542)
	at org.apache.logging.log4j.core.config.LoggerConfig.processLogEvent(LoggerConfig.java:500)
	at org.apache.logging.log4j.core.config.LoggerConfig.log(LoggerConfig.java:483)
	at org.apache.logging.log4j.core.config.LoggerConfig.log(LoggerConfig.java:417)
	at org.apache.logging.log4j.core.config.AwaitCompletionReliabilityStrategy.log(AwaitCompletionReliabilityStrategy.java:82)
	at org.apache.logging.log4j.core.Logger.log(Logger.java:161)
	at org.apache.logging.log4j.spi.AbstractLogger.tryLogMessage(AbstractLogger.java:2205)
	at org.apache.logging.log4j.spi.AbstractLogger.logMessageTrackRecursion(AbstractLogger.java:2159)
	at org.apache.logging.log4j.spi.AbstractLogger.logMessageSafely(AbstractLogger.java:2142)
	at org.apache.logging.log4j.spi.AbstractLogger.logMessage(AbstractLogger.java:2028)
	at org.apache.logging.log4j.spi.AbstractLogger.logIfEnabled(AbstractLogger.java:1891)
	at org.apache.logging.slf4j.Log4jLogger.info(Log4jLogger.java:194)
	at org.apache.storm.daemon.Task.getOutgoingTasks(Task.java:150)
	at org.apache.storm.executor.spout.SpoutOutputCollectorImpl.sendSpoutMsg(SpoutOutputCollectorImpl.java:117)
	at org.apache.storm.executor.spout.SpoutOutputCollectorImpl.emit(SpoutOutputCollectorImpl.java:70)
	at org.apache.storm.spout.SpoutOutputCollector.emit(SpoutOutputCollector.java:56)
	at org.apache.storm.spout.SpoutOutputCollector.emit(SpoutOutputCollector.java:64)
	at com.stormproject.ImageSpout.nextTuple(ImageSpout.java:76)
	at org.apache.storm.executor.spout.SpoutExecutor$2.call(SpoutExecutor.java:187)
	at org.apache.storm.executor.spout.SpoutExecutor$2.call(SpoutExecutor.java:153)
	at org.apache.storm.utils.Utils$1.run(Utils.java:398)
	at java.base/java.lang.Thread.run(Thread.java:833)
Caused by: java.net.SocketException: The message is larger than the maximum supported by the underlying transport: no further information
	at java.base/sun.nio.ch.DatagramChannelImpl.send0(Native Method)
	at java.base/sun.nio.ch.DatagramChannelImpl.sendFromNativeBuffer(DatagramChannelImpl.java:901)
	at java.base/sun.nio.ch.DatagramChannelImpl.send(DatagramChannelImpl.java:863)
	at java.base/sun.nio.ch.DatagramChannelImpl.send(DatagramChannelImpl.java:821)
	at java.base/sun.nio.ch.DatagramChannelImpl.blockingSend(DatagramChannelImpl.java:853)
	at java.base/sun.nio.ch.DatagramSocketAdaptor.send(DatagramSocketAdaptor.java:218)
	at java.base/java.net.DatagramSocket.send(DatagramSocket.java:664)
	at org.apache.logging.log4j.core.net.DatagramOutputStream.flush(DatagramOutputStream.java:103)
	at org.apache.logging.log4j.core.appender.OutputStreamManager.flushDestination(OutputStreamManager.java:264)
	... 32 more

2023-10-11 13:00:31,613 Thread-16-image-spout-executor[3, 3] ERROR An exception occurred processing Appender syslog org.apache.logging.log4j.core.appender.AppenderLoggingException: Error flushing stream UDP:localhost:514
	at org.apache.logging.log4j.core.appender.OutputStreamManager.flushDestination(OutputStreamManager.java:266)
	at org.apache.logging.log4j.core.appender.OutputStreamManager.write(OutputStreamManager.java:222)
	at org.apache.logging.log4j.core.appender.OutputStreamManager.write(OutputStreamManager.java:190)
	at org.apache.logging.log4j.core.appender.AbstractOutputStreamAppender.writeByteArrayToManager(AbstractOutputStreamAppender.java:206)
	at org.apache.logging.log4j.core.appender.SocketAppender.directEncodeEvent(SocketAppender.java:459)
	at org.apache.logging.log4j.core.appender.AbstractOutputStreamAppender.tryAppend(AbstractOutputStreamAppender.java:190)
	at org.apache.logging.log4j.core.appender.AbstractOutputStreamAppender.append(AbstractOutputStreamAppender.java:181)
	at org.apache.logging.log4j.core.config.AppenderControl.tryCallAppender(AppenderControl.java:161)
	at org.apache.logging.log4j.core.config.AppenderControl.callAppender0(AppenderControl.java:134)
	at org.apache.logging.log4j.core.config.AppenderControl.callAppenderPreventRecursion(AppenderControl.java:125)
	at org.apache.logging.log4j.core.config.AppenderControl.callAppender(AppenderControl.java:89)
	at org.apache.logging.log4j.core.config.LoggerConfig.callAppenders(LoggerConfig.java:542)
	at org.apache.logging.log4j.core.config.LoggerConfig.processLogEvent(LoggerConfig.java:500)
	at org.apache.logging.log4j.core.config.LoggerConfig.log(LoggerConfig.java:483)
	at org.apache.logging.log4j.core.config.LoggerConfig.log(LoggerConfig.java:417)
	at org.apache.logging.log4j.core.config.AwaitCompletionReliabilityStrategy.log(AwaitCompletionReliabilityStrategy.java:82)
	at org.apache.logging.log4j.core.Logger.log(Logger.java:161)
	at org.apache.logging.log4j.spi.AbstractLogger.tryLogMessage(AbstractLogger.java:2205)
	at org.apache.logging.log4j.spi.AbstractLogger.logMessageTrackRecursion(AbstractLogger.java:2159)
	at org.apache.logging.log4j.spi.AbstractLogger.logMessageSafely(AbstractLogger.java:2142)
	at org.apache.logging.log4j.spi.AbstractLogger.logMessage(AbstractLogger.java:2028)
	at org.apache.logging.log4j.spi.AbstractLogger.logIfEnabled(AbstractLogger.java:1891)
	at org.apache.logging.slf4j.Log4jLogger.info(Log4jLogger.java:194)
	at org.apache.storm.daemon.Task.getOutgoingTasks(Task.java:150)
	at org.apache.storm.executor.spout.SpoutOutputCollectorImpl.sendSpoutMsg(SpoutOutputCollectorImpl.java:117)
	at org.apache.storm.executor.spout.SpoutOutputCollectorImpl.emit(SpoutOutputCollectorImpl.java:70)
	at org.apache.storm.spout.SpoutOutputCollector.emit(SpoutOutputCollector.java:56)
	at org.apache.storm.spout.SpoutOutputCollector.emit(SpoutOutputCollector.java:64)
	at com.stormproject.ImageSpout.nextTuple(ImageSpout.java:76)
	at org.apache.storm.executor.spout.SpoutExecutor$2.call(SpoutExecutor.java:187)
	at org.apache.storm.executor.spout.SpoutExecutor$2.call(SpoutExecutor.java:153)
	at org.apache.storm.utils.Utils$1.run(Utils.java:398)
	at java.base/java.lang.Thread.run(Thread.java:833)
Caused by: java.net.SocketException: The message is larger than the maximum supported by the underlying transport: no further information
	at java.base/sun.nio.ch.DatagramChannelImpl.send0(Native Method)
	at java.base/sun.nio.ch.DatagramChannelImpl.sendFromNativeBuffer(DatagramChannelImpl.java:901)
	at java.base/sun.nio.ch.DatagramChannelImpl.send(DatagramChannelImpl.java:863)
	at java.base/sun.nio.ch.DatagramChannelImpl.send(DatagramChannelImpl.java:821)
	at java.base/sun.nio.ch.DatagramChannelImpl.blockingSend(DatagramChannelImpl.java:853)
	at java.base/sun.nio.ch.DatagramSocketAdaptor.send(DatagramSocketAdaptor.java:218)
	at java.base/java.net.DatagramSocket.send(DatagramSocket.java:664)
	at org.apache.logging.log4j.core.net.DatagramOutputStream.flush(DatagramOutputStream.java:103)
	at org.apache.logging.log4j.core.appender.OutputStreamManager.flushDestination(OutputStreamManager.java:264)
	... 32 more

2023-10-11 13:01:03,727 Thread-16-image-spout-executor[3, 3] ERROR Unable to delete file C:\apache-storm-2.5.0\logs\workers-artifacts\fraems-1-1696996809\6700\worker.log: java.nio.file.FileSystemException C:\apache-storm-2.5.0\logs\workers-artifacts\fraems-1-1696996809\6700\worker.log: ´Ů¸Ą ÇÁ·ÎĽĽ˝ş°ˇ ĆÄŔĎŔ» »çżë ÁßŔĚ±â ¶§ą®żˇ ÇÁ·ÎĽĽ˝ş°ˇ ľ×ĽĽ˝ş ÇŇ Ľö ľř˝Ŕ´Ď´Ů
2023-10-11 13:01:35,209 Thread-16-image-spout-executor[3, 3] ERROR Unable to delete file C:\apache-storm-2.5.0\logs\workers-artifacts\fraems-1-1696996809\6700\worker.log: java.nio.file.FileSystemException C:\apache-storm-2.5.0\logs\workers-artifacts\fraems-1-1696996809\6700\worker.log: ´Ů¸Ą ÇÁ·ÎĽĽ˝ş°ˇ ĆÄŔĎŔ» »çżë ÁßŔĚ±â ¶§ą®żˇ ÇÁ·ÎĽĽ˝ş°ˇ ľ×ĽĽ˝ş ÇŇ Ľö ľř˝Ŕ´Ď´Ů
2023-10-11 13:02:06,123 Thread-16-image-spout-executor[3, 3] ERROR Unable to delete file C:\apache-storm-2.5.0\logs\workers-artifacts\fraems-1-1696996809\6700\worker.log: java.nio.file.FileSystemException C:\apache-storm-2.5.0\logs\workers-artifacts\fraems-1-1696996809\6700\worker.log: ´Ů¸Ą ÇÁ·ÎĽĽ˝ş°ˇ ĆÄŔĎŔ» »çżë ÁßŔĚ±â ¶§ą®żˇ ÇÁ·ÎĽĽ˝ş°ˇ ľ×ĽĽ˝ş ÇŇ Ľö ľř˝Ŕ´Ď´Ů
2023-10-11 13:02:36,780 Thread-16-image-spout-executor[3, 3] ERROR Unable to delete file C:\apache-storm-2.5.0\logs\workers-artifacts\fraems-1-1696996809\6700\worker.log: java.nio.file.FileSystemException C:\apache-storm-2.5.0\logs\workers-artifacts\fraems-1-1696996809\6700\worker.log: ´Ů¸Ą ÇÁ·ÎĽĽ˝ş°ˇ ĆÄŔĎŔ» »çżë ÁßŔĚ±â ¶§ą®żˇ ÇÁ·ÎĽĽ˝ş°ˇ ľ×ĽĽ˝ş ÇŇ Ľö ľř˝Ŕ´Ď´Ů
2023-10-11 13:03:07,293 Thread-16-image-spout-executor[3, 3] ERROR Unable to delete file C:\apache-storm-2.5.0\logs\workers-artifacts\fraems-1-1696996809\6700\worker.log: java.nio.file.FileSystemException C:\apache-storm-2.5.0\logs\workers-artifacts\fraems-1-1696996809\6700\worker.log: ´Ů¸Ą ÇÁ·ÎĽĽ˝ş°ˇ ĆÄŔĎŔ» »çżë ÁßŔĚ±â ¶§ą®żˇ ÇÁ·ÎĽĽ˝ş°ˇ ľ×ĽĽ˝ş ÇŇ Ľö ľř˝Ŕ´Ď´Ů
2023-10-11 13:03:37,948 Thread-17-image-bolt-executor[2, 2] ERROR Unable to delete file C:\apache-storm-2.5.0\logs\workers-artifacts\fraems-1-1696996809\6700\worker.log: java.nio.file.FileSystemException C:\apache-storm-2.5.0\logs\workers-artifacts\fraems-1-1696996809\6700\worker.log: ´Ů¸Ą ÇÁ·ÎĽĽ˝ş°ˇ ĆÄŔĎŔ» »çżë ÁßŔĚ±â ¶§ą®żˇ ÇÁ·ÎĽĽ˝ş°ˇ ľ×ĽĽ˝ş ÇŇ Ľö ľř˝Ŕ´Ď´Ů
2023-10-11 13:04:10,795 Thread-17-image-bolt-executor[2, 2] ERROR Unable to delete file C:\apache-storm-2.5.0\logs\workers-artifacts\fraems-1-1696996809\6700\worker.log: java.nio.file.FileSystemException C:\apache-storm-2.5.0\logs\workers-artifacts\fraems-1-1696996809\6700\worker.log: ´Ů¸Ą ÇÁ·ÎĽĽ˝ş°ˇ ĆÄŔĎŔ» »çżë ÁßŔĚ±â ¶§ą®żˇ ÇÁ·ÎĽĽ˝ş°ˇ ľ×ĽĽ˝ş ÇŇ Ľö ľř˝Ŕ´Ď´Ů
